c:\users\user\documents\visual studio 2022\project\winformsdemo\clrlibrary\x64\debug\clrlibrary.pch
c:\users\user\documents\visual studio 2022\project\winformsdemo\clrlibrary\x64\debug\vc143.pdb
c:\users\user\documents\visual studio 2022\project\winformsdemo\clrlibrary\x64\debug\pch.obj
c:\users\user\documents\visual studio 2022\project\winformsdemo\clrlibrary\x64\debug\clrlibrary.obj
c:\users\user\documents\visual studio 2022\project\winformsdemo\clrlibrary\x64\debug\assemblyinfo.obj
c:\users\user\documents\visual studio 2022\project\winformsdemo\clrlibrary\x64\debug\.netcoreapp,version=v8.0.assemblyattributes.obj
c:\users\user\documents\visual studio 2022\project\winformsdemo\clrlibrary\x64\debug\app.res
c:\users\user\documents\visual studio 2022\project\winformsdemo\clrlibrary\x64\debug\clrlibrary.assets.cache
c:\users\user\documents\visual studio 2022\project\winformsdemo\x64\debug\clrlibrary.pdb
c:\users\user\documents\visual studio 2022\project\winformsdemo\clrlibrary\x64\debug\clrlibrary.tlog\cl.command.1.tlog
c:\users\user\documents\visual studio 2022\project\winformsdemo\clrlibrary\x64\debug\clrlibrary.tlog\cl.read.1.tlog
c:\users\user\documents\visual studio 2022\project\winformsdemo\clrlibrary\x64\debug\clrlibrary.tlog\cl.write.1.tlog
c:\users\user\documents\visual studio 2022\project\winformsdemo\clrlibrary\x64\debug\clrlibrary.tlog\link.19208-cvtres.read.1.tlog
c:\users\user\documents\visual studio 2022\project\winformsdemo\clrlibrary\x64\debug\clrlibrary.tlog\link.19208-cvtres.write.1.tlog
c:\users\user\documents\visual studio 2022\project\winformsdemo\clrlibrary\x64\debug\clrlibrary.tlog\link.19208-rc.read.1.tlog
c:\users\user\documents\visual studio 2022\project\winformsdemo\clrlibrary\x64\debug\clrlibrary.tlog\link.19208-rc.write.1.tlog
c:\users\user\documents\visual studio 2022\project\winformsdemo\clrlibrary\x64\debug\clrlibrary.tlog\link.19208.read.1.tlog
c:\users\user\documents\visual studio 2022\project\winformsdemo\clrlibrary\x64\debug\clrlibrary.tlog\link.19208.read.2.tlog
c:\users\user\documents\visual studio 2022\project\winformsdemo\clrlibrary\x64\debug\clrlibrary.tlog\link.19208.write.1.tlog
c:\users\user\documents\visual studio 2022\project\winformsdemo\clrlibrary\x64\debug\clrlibrary.tlog\link.command.1.tlog
c:\users\user\documents\visual studio 2022\project\winformsdemo\clrlibrary\x64\debug\clrlibrary.tlog\link.read.1.tlog
c:\users\user\documents\visual studio 2022\project\winformsdemo\clrlibrary\x64\debug\clrlibrary.tlog\link.read.2.tlog
c:\users\user\documents\visual studio 2022\project\winformsdemo\clrlibrary\x64\debug\clrlibrary.tlog\link.write.1.tlog
c:\users\user\documents\visual studio 2022\project\winformsdemo\clrlibrary\x64\debug\clrlibrary.tlog\rc.command.1.tlog
c:\users\user\documents\visual studio 2022\project\winformsdemo\clrlibrary\x64\debug\clrlibrary.tlog\rc.read.1.tlog
c:\users\user\documents\visual studio 2022\project\winformsdemo\clrlibrary\x64\debug\clrlibrary.tlog\rc.write.1.tlog
